<?xml version="1.0" encoding="UTF-8"?>
<!-- Generated by org.testng.reporters.JUnitXMLReporter -->
<testsuite ignored="0" hostname="DESKTOP-ML28E7P" failures="1" tests="1" name="AllTests" time="4.625" errors="0" timestamp="2025-04-25T19:21:48 IST">
  <testcase classname="Selenium_Setup.SearchWebGetResult" name="SearchOnWeb" time="3.348">
    <failure type="java.lang.Error" message="Unresolved compilation problem: 
	FileUtils cannot be resolved
">
      <![CDATA[java.lang.Error: Unresolved compilation problem: 
FileUtils cannot be resolved

at Selenium_Setup.SeleniumSetup.getScreenshot(SeleniumSetup.java:83)
at Selenium_Setup.SearchWebGetResult.SearchOnWeb(SearchWebGetResult.java:57)
at java.base/java.util.ArrayList.forEach(ArrayList.java:1596)
... Removed 25 stack frames]]>
    </failure>
  </testcase> <!-- SearchOnWeb -->
</testsuite> <!-- AllTests -->
