<?xml version="1.0" encoding="UTF-8"?>
<testng-results ignored="0" total="1" passed="1" failed="0" skipped="0">
  <reporter-output>
  </reporter-output>
  <suite started-at="2025-04-25T20:41:31 IST" name="Default suite" finished-at="2025-04-25T20:41:43 IST" duration-ms="12350">
    <groups>
    </groups>
    <test started-at="2025-04-25T20:41:31 IST" name="Default test" finished-at="2025-04-25T20:41:43 IST" duration-ms="12350">
      <class name="Selenium_Setup.SearchWebGetResult">
        <test-method is-config="true" signature="driverInitialize()[pri:0, instance:Selenium_Setup.SearchWebGetResult@75d3a5e0]" started-at="2025-04-25T20:41:31 IST" name="driverInitialize" finished-at="2025-04-25T20:41:32 IST" duration-ms="1272" status="PASS">
          <reporter-output>
          </reporter-output>
        </test-method> <!-- driverInitialize -->
        <test-method signature="SearchOnWeb()[pri:0, instance:Selenium_Setup.SearchWebGetResult@75d3a5e0]" started-at="2025-04-25T20:41:32 IST" name="SearchOnWeb" finished-at="2025-04-25T20:41:43 IST" duration-ms="11047" status="PASS">
          <reporter-output>
          </reporter-output>
        </test-method> <!-- SearchOnWeb -->
      </class> <!-- Selenium_Setup.SearchWebGetResult -->
    </test> <!-- Default test -->
  </suite> <!-- Default suite -->
</testng-results>
